#
# There is insufficient memory for the Java Runtime Environment to continue.
# Native memory allocation (mmap) failed to map 100663296 bytes for G1 virtual space
# Possible reasons:
#   The system is out of physical RAM or swap space
#   The process is running with CompressedOops enabled, and the Java Heap may be blocking the growth of the native heap
# Possible solutions:
#   Reduce memory load on the system
#   Increase physical memory or swap space
#   Check if swap backing store is full
#   Decrease Java heap size (-Xmx/-Xms)
#   Decrease number of Java threads
#   Decrease Java thread stack sizes (-Xss)
#   Set larger code cache with -XX:ReservedCodeCacheSize=
#   JVM is running with Unscaled Compressed Oops mode in which the Java heap is
#     placed in the first 4GB address space. The Java Heap base address is the
#     maximum limit for the native heap growth. Please use -XX:HeapBaseMinAddress
#     to set the Java Heap base and to place the Java Heap above 4GB virtual address.
# This output file may be truncated or incomplete.
#
#  Out of Memory Error (os_windows.cpp:3466), pid=12504, tid=19836
#
# JRE version:  (16.0.2+7) (build )
# Java VM: Java HotSpot(TM) 64-Bit Server VM (16.0.2+7-67, mixed mode, sharing, tiered, compressed oops, compressed class ptrs, g1 gc, windows-amd64)
# No core dump will be written. Minidumps are not enabled by default on client versions of Windows
#

---------------  S U M M A R Y ------------

Command Line: -Dfile.encoding=UTF-8 -XX:+ShowCodeDetailsInExceptionMessages com.e_server.EServerApplication

Host: AMD Ryzen 3 3250U with Radeon Graphics         , 4 cores, 5G,  Windows 10 , 64 bit Build 22000 (10.0.22000.708)
Time: Thu Jun 23 19:59:04 2022 India Standard Time elapsed time: 0.034387 seconds (0d 0h 0m 0s)

---------------  T H R E A D  ---------------

Current thread (0x000001f9faa5a690):  JavaThread "Unknown thread" [_thread_in_vm, id=19836, stack(0x00000017e5f00000,0x00000017e6000000)]

Stack: [0x00000017e5f00000,0x00000017e6000000]
Native frames: (J=compiled Java code, j=interpreted, Vv=VM code, C=native code)
V  [jvm.dll+0x6681ca]
V  [jvm.dll+0x7c9e69]
V  [jvm.dll+0x7cb61e]
V  [jvm.dll+0x7cbc73]
V  [jvm.dll+0x242c55]
V  [jvm.dll+0x664f89]
V  [jvm.dll+0x659b75]
V  [jvm.dll+0x2fbfbb]
V  [jvm.dll+0x3031b6]
V  [jvm.dll+0x35299e]
V  [jvm.dll+0x352bcf]
V  [jvm.dll+0x2d3028]
V  [jvm.dll+0x2d4264]
V  [jvm.dll+0x79c741]
V  [jvm.dll+0x360791]
V  [jvm.dll+0x77a3f0]
V  [jvm.dll+0x3e4e8f]
V  [jvm.dll+0x3e6961]
C  [jli.dll+0x52fb]
C  [ucrtbase.dll+0x26c0c]
C  [KERNEL32.DLL+0x154e0]
C  [ntdll.dll+0x485b]


---------------  P R O C E S S  ---------------

Threads class SMR info:
_java_thread_list=0x00007ffb5e42cbb8, length=0, elements={
}

Java Threads: ( => current thread )

Other Threads:
  0x000001f9faa94fd0 GCTaskThread "GC Thread#0" [stack: 0x00000017e6000000,0x00000017e6100000] [id=9184]
  0x000001f9faaa1f50 ConcurrentGCThread "G1 Main Marker" [stack: 0x00000017e6100000,0x00000017e6200000] [id=14360]
  0x000001f9faaa41f0 ConcurrentGCThread "G1 Conc#0" [stack: 0x00000017e6200000,0x00000017e6300000] [id=11136]

[error occurred during error reporting (printing all threads), id 0xc0000005, EXCEPTION_ACCESS_VIOLATION (0xc0000005) at pc=0x00007ffb5dc03ee7]

VM state: not at safepoint (not fully initialized)

VM Mutex/Monitor currently owned by a thread:  ([mutex/lock_event])
[0x000001f9faa56ed0] Heap_lock - owner thread: 0x000001f9faa5a690

Heap address: 0x00000000a0e00000, size: 1522 MB, Compressed Oops mode: 32-bit

CDS archive(s) mapped at: [0x0000000000000000-0x0000000000000000-0x0000000000000000), size 0, SharedBaseAddress: 0x0000000800000000, ArchiveRelocationMode: 0.
Narrow klass base: 0x0000000000000000, Narrow klass shift: 0, Narrow klass range: 0x0

GC Precious Log:
<Empty>

Heap:
 garbage-first heap   total 0K, used 0K [0x00000000a0e00000, 0x0000000100000000)
  region size 1024K, 0 young (0K), 0 survivors (0K)

[error occurred during error reporting (printing heap information), id 0xc0000005, EXCEPTION_ACCESS_VIOLATION (0xc0000005) at pc=0x00007ffb5dfe1eed]

GC Heap History (0 events):
No events

Deoptimization events (0 events):
No events

Classes unloaded (0 events):
No events

Classes redefined (0 events):
No events

Internal exceptions (0 events):
No events

Events (1 events):
Event: 0.019 Loaded shared library C:\Program Files\Java\jdk-16.0.2\bin\java.dll


Dynamic libraries:
0x00007ff7752e0000 - 0x00007ff7752f0000 	C:\Program Files\Java\jdk-16.0.2\bin\javaw.exe
0x00007ffbaa000000 - 0x00007ffbaa209000 	C:\windows\SYSTEM32\ntdll.dll
0x00007ffba8a60000 - 0x00007ffba8b1d000 	C:\windows\System32\KERNEL32.DLL
0x00007ffba7b10000 - 0x00007ffba7e89000 	C:\windows\System32\KERNELBASE.dll
0x00007ffba7770000 - 0x00007ffba7881000 	C:\windows\System32\ucrtbase.dll
0x00007ffb8e830000 - 0x00007ffb8e849000 	C:\Program Files\Java\jdk-16.0.2\bin\VCRUNTIME140.dll
0x00007ffb8e810000 - 0x00007ffb8e828000 	C:\Program Files\Java\jdk-16.0.2\bin\jli.dll
0x00007ffba9190000 - 0x00007ffba923e000 	C:\windows\System32\ADVAPI32.dll
0x00007ffba9d00000 - 0x00007ffba9da3000 	C:\windows\System32\msvcrt.dll
0x00007ffba9240000 - 0x00007ffba92de000 	C:\windows\System32\sechost.dll
0x00007ffba8c70000 - 0x00007ffba8d90000 	C:\windows\System32\RPCRT4.dll
0x00007ffba9b50000 - 0x00007ffba9cfc000 	C:\windows\System32\USER32.dll
0x00007ffba74e0000 - 0x00007ffba7506000 	C:\windows\System32\win32u.dll
0x00007ffba8650000 - 0x00007ffba8679000 	C:\windows\System32\GDI32.dll
0x00007ffba7590000 - 0x00007ffba76a2000 	C:\windows\System32\gdi32full.dll
0x00007ffba7890000 - 0x00007ffba792d000 	C:\windows\System32\msvcp_win.dll
0x00007ffb8ad60000 - 0x00007ffb8b005000 	C:\windows\WinSxS\amd64_microsoft.windows.common-controls_6595b64144ccf1df_6.0.22000.120_none_9d947278b86cc467\COMCTL32.dll
0x00007ffba2570000 - 0x00007ffba257a000 	C:\windows\SYSTEM32\VERSION.dll
0x00007ffba9f80000 - 0x00007ffba9fb1000 	C:\windows\System32\IMM32.DLL
0x00007ffb9f0a0000 - 0x00007ffb9f0ac000 	C:\Program Files\Java\jdk-16.0.2\bin\vcruntime140_1.dll
0x00007ffb69a50000 - 0x00007ffb69ae1000 	C:\Program Files\Java\jdk-16.0.2\bin\msvcp140.dll
0x00007ffb5d920000 - 0x00007ffb5e4cb000 	C:\Program Files\Java\jdk-16.0.2\bin\server\jvm.dll
0x00007ffba8f90000 - 0x00007ffba8f98000 	C:\windows\System32\PSAPI.DLL
0x00007ffba33b0000 - 0x00007ffba33e3000 	C:\windows\SYSTEM32\WINMM.dll
0x00007ffba3900000 - 0x00007ffba3909000 	C:\windows\SYSTEM32\WSOCK32.dll
0x00007ffba8e30000 - 0x00007ffba8e9f000 	C:\windows\System32\WS2_32.dll
0x00007ffba65e0000 - 0x00007ffba65f8000 	C:\windows\SYSTEM32\kernel.appcore.dll
0x00007ffb999e0000 - 0x00007ffb999ea000 	C:\Program Files\Java\jdk-16.0.2\bin\jimage.dll
0x00007ffb9af50000 - 0x00007ffb9b171000 	C:\windows\SYSTEM32\DBGHELP.DLL
0x00007ffb9a220000 - 0x00007ffb9a251000 	C:\windows\SYSTEM32\dbgcore.DLL
0x00007ffba7510000 - 0x00007ffba758f000 	C:\windows\System32\bcryptPrimitives.dll
0x00007ffb8ac80000 - 0x00007ffb8aca5000 	C:\Program Files\Java\jdk-16.0.2\bin\java.dll

dbghelp: loaded successfully - version: 4.0.5 - missing functions: none
symbol engine: initialized successfully - sym options: 0x614 - pdb path: .;C:\Program Files\Java\jdk-16.0.2\bin;C:\windows\SYSTEM32;C:\windows\WinSxS\amd64_microsoft.windows.common-controls_6595b64144ccf1df_6.0.22000.120_none_9d947278b86cc467;C:\Program Files\Java\jdk-16.0.2\bin\server

VM Arguments:
jvm_args: -Dfile.encoding=UTF-8 -XX:+ShowCodeDetailsInExceptionMessages 
java_command: com.e_server.EServerApplication
java_class_path (initial): C:\Users\sathi\STS_Workspace\PustakZone_server\target\classes;C:\Users\sathi\.m2\repository\org\springframework\cloud\spring-cloud-starter-netflix-eureka-server\3.1.3\spring-cloud-starter-netflix-eureka-server-3.1.3.jar;C:\Users\sathi\.m2\repository\org\springframework\cloud\spring-cloud-starter\3.1.3\spring-cloud-starter-3.1.3.jar;C:\Users\sathi\.m2\repository\org\springframework\cloud\spring-cloud-context\3.1.3\spring-cloud-context-3.1.3.jar;C:\Users\sathi\.m2\repository\org\springframework\security\spring-security-crypto\5.7.1\spring-security-crypto-5.7.1.jar;C:\Users\sathi\.m2\repository\org\springframework\cloud\spring-cloud-commons\3.1.3\spring-cloud-commons-3.1.3.jar;C:\Users\sathi\.m2\repository\org\springframework\security\spring-security-rsa\1.0.10.RELEASE\spring-security-rsa-1.0.10.RELEASE.jar;C:\Users\sathi\.m2\repository\org\bouncycastle\bcpkix-jdk15on\1.68\bcpkix-jdk15on-1.68.jar;C:\Users\sathi\.m2\repository\org\bouncycastle\bcprov-jdk15on\1.68\bcprov-jdk15on-1.68.jar;C:\Users\sathi\.m2\repository\org\springframework\cloud\spring-cloud-netflix-eureka-server\3.1.3\spring-cloud-netflix-eureka-server-3.1.3.jar;C:\Users\sathi\.m2\repository\org\springframework\boot\spring-boot-starter-web\2.7.0\spring-boot-starter-web-2.7.0.jar;C:\Users\sathi\.m2\repository\org\springframework\boot\spring-boot-starter-json\2.7.0\spring-boot-starter-json-2.7.0.jar;C:\Users\sathi\.m2\repository\com\fasterxml\jackson\datatype\jackson-datatype-jdk8\2.13.3\jackson-datatype-jdk8-2.13.3.jar;C:\Users\sathi\.m2\repository\com\fasterxml\jackson\datatype\jackson-datatype-jsr310\2.13.3\jackson-datatype-jsr310-2.13.3.jar;C:\Users\sathi\.m2\repository\com\fasterxml\jackson\module\jackson-module-parameter-names\2.13.3\jackson-module-parameter-names-2.13.3.jar;C:\Users\sathi\.m2\repository\org\springframework\boot\spring-boot-starter-tomcat\2.7.0\spring-boot-starter-tomcat-2.7.0.jar;C:\Users\sathi\.m2\repository\org\apache\tomcat\embed\tomcat-embed-core\9.0.6
Launcher Type: SUN_STANDARD

[Global flags]
     intx CICompilerCount                          = 3                                         {product} {ergonomic}
     uint ConcGCThreads                            = 1                                         {product} {ergonomic}
     uint G1ConcRefinementThreads                  = 4                                         {product} {ergonomic}
   size_t G1HeapRegionSize                         = 1048576                                   {product} {ergonomic}
    uintx GCDrainStackTargetSize                   = 64                                        {product} {ergonomic}
   size_t InitialHeapSize                          = 100663296                                 {product} {ergonomic}
   size_t MarkStackSize                            = 4194304                                   {product} {ergonomic}
   size_t MaxHeapSize                              = 1595932672                                {product} {ergonomic}
   size_t MinHeapDeltaBytes                        = 1048576                                   {product} {ergonomic}
   size_t MinHeapSize                              = 8388608                                   {product} {ergonomic}
    uintx NonNMethodCodeHeapSize                   = 5832780                                {pd product} {ergonomic}
    uintx NonProfiledCodeHeapSize                  = 122912730                              {pd product} {ergonomic}
    uintx ProfiledCodeHeapSize                     = 122912730                              {pd product} {ergonomic}
    uintx ReservedCodeCacheSize                    = 251658240                              {pd product} {ergonomic}
     bool SegmentedCodeCache                       = true                                      {product} {ergonomic}
     bool ShowCodeDetailsInExceptionMessages       = true                                   {manageable} {command line}
   size_t SoftMaxHeapSize                          = 1595932672                             {manageable} {ergonomic}
     bool UseCompressedClassPointers               = true                           {product lp64_product} {ergonomic}
     bool UseCompressedOops                        = true                           {product lp64_product} {ergonomic}
     bool UseG1GC                                  = true                                      {product} {ergonomic}
     bool UseLargePagesIndividualAllocation        = false                                  {pd product} {ergonomic}

Logging:
Log output configuration:
 #0: stdout all=warning uptime,level,tags
 #1: stderr all=off uptime,level,tags

Environment Variables:
PATH=C:/Program Files/Java/jdk-11.0.15/bin/server;C:/Program Files/Java/jdk-11.0.15/bin;C:\Program Files\Java\jdk-11.0.15\bin;C:\Program Files\Common Files\Oracle\Java\javapath;C:\windows\system32;C:\windows;C:\windows\System32\Wbem;C:\windows\System32\WindowsPowerShell\v1.0\;C:\windows\System32\OpenSSH\;C:\Program Files\Java\jdk-15.0.2\bin;C:\Program Files\apache-maven-3.8.5-bin\apache-maven-3.8.5\bin;C:\Program Files\nodejs\;C:\Program Files\Git\cmd;C:\Program Files\Java\jdk-11.0.15;C:\Program Files\MySQL\MySQL Shell 8.0\bin\;C:\Users\sathi\AppData\Local\Programs\Python\Python310\Scripts\;C:\Users\sathi\AppData\Local\Programs\Python\Python310\;C:\Users\sathi\AppData\Local\Microsoft\WindowsApps;;C:\Users\sathi\AppData\Local\Programs\Microsoft VS Code\bin;C:\Users\sathi\AppData\Roaming\npm;C:\Users\sathi\OneDrive\Desktop;
USERNAME=sathi
OS=Windows_NT
PROCESSOR_IDENTIFIER=AMD64 Family 23 Model 24 Stepping 1, AuthenticAMD



---------------  S Y S T E M  ---------------

OS:
 Windows 10 , 64 bit Build 22000 (10.0.22000.708)
OS uptime: 6 days 5:49 hours

CPU: total 4 (initial active 4) (4 cores per cpu, 2 threads per core) family 23 model 24 stepping 1 microcode 0x0, cx8, cmov, fxsr, ht, mmx, 3dnowpref, sse, sse2, sse3, ssse3, sse4a, sse4.1, sse4.2, popcnt, lzcnt, tsc, tscinvbit, avx, avx2, aes, clmul, bmi1, bmi2, adx, sha, fma, vzeroupper, clflush, clflushopt

Memory: 4k page, system-wide physical 6086M (874M free)
TotalPageFile size 24518M (AvailPageFile size 51M)
current process WorkingSet (physical memory assigned to process): 10M, peak: 10M
current process commit charge ("private bytes"): 51M, peak: 147M

vm_info: Java HotSpot(TM) 64-Bit Server VM (16.0.2+7-67) for windows-amd64 JRE (16.0.2+7-67), built on Jun  8 2021 23:24:19 by "mach5one" with MS VC++ 16.7 (VS2019)

END.
